
           ___      .______        ______  __    __  .______      
          /   \     |   _  \      /      ||  |  |  | |   _  \     
         /  ^  \    |  |_)  |    |  ,----'|  |__|  | |  |_)  |    
        /  /_\  \   |      /     |  |     |   __   | |      /     
       /  _____  \  |  |\  \\___ |  `----.|  |  |  | |  |\  \\___.
      /__/     \__\ | _| `._____| \______||__|  |__| | _| `._____|
    
Logging With ArchR!

Start Time : 2023-07-06 21:48:27

------- ArchR Info

ArchRThreads = 8

------- System Info

Computer OS = unix
Total Cores = 16

------- Session Info

R version 4.2.3 (2023-03-15)
Platform: x86_64-apple-darwin22.3.0 (64-bit)
Running under: macOS Ventura 13.4.1

Matrix products: default
LAPACK: /usr/local/Cellar/r/4.2.3/lib/R/lib/libRlapack.dylib

locale:
[1] en_US.UTF-8/en_US.UTF-8/en_US.UTF-8/C/en_US.UTF-8/en_US.UTF-8

attached base packages:
[1] parallel  stats4    stats     graphics  grDevices utils     datasets  methods   base     

other attached packages:
 [1] Signac_1.9.0                SeuratObject_4.1.3          Seurat_4.3.0                ArchR_1.0.1                
 [5] magrittr_2.0.3              rhdf5_2.40.0                Matrix_1.5-3                data.table_1.14.6          
 [9] SummarizedExperiment_1.26.1 Biobase_2.56.0              GenomicRanges_1.48.0        GenomeInfoDb_1.32.4        
[13] IRanges_2.30.1              S4Vectors_0.34.0            BiocGenerics_0.42.0         MatrixGenerics_1.8.1       
[17] matrixStats_0.63.0          ggplot2_3.4.0               dplyr_1.0.10               

loaded via a namespace (and not attached):
  [1] fastmatch_1.1-3        systemfonts_1.0.4      BuenColors_0.5.6       plyr_1.8.8             igraph_1.3.5          
  [6] lazyeval_0.2.2         sp_1.5-1               splines_4.2.3          BiocParallel_1.30.4    listenv_0.8.0         
 [11] scattermore_0.8        digest_0.6.30          htmltools_0.5.3        fansi_1.0.3            tensor_1.5            
 [16] cluster_2.1.4          ROCR_1.0-11            Biostrings_2.64.1      globals_0.16.2         R.utils_2.12.2        
 [21] svglite_2.1.0          spatstat.sparse_3.0-0  colorspace_2.0-3       ggrepel_0.9.2          textshaping_0.3.6     
 [26] crayon_1.5.2           RCurl_1.98-1.9         jsonlite_1.8.3         progressr_0.11.0       spatstat.data_3.0-0   
 [31] survival_3.5-3         zoo_1.8-11             glue_1.6.2             polyclip_1.10-4        gtable_0.3.1          
 [36] zlibbioc_1.42.0        XVector_0.36.0         leiden_0.4.3           DelayedArray_0.22.0    Rhdf5lib_1.18.2       
 [41] future.apply_1.10.0    abind_1.4-5            scales_1.2.1           DBI_1.1.3              spatstat.random_3.0-1 
 [46] miniUI_0.1.1.1         Rcpp_1.0.9             viridisLite_0.4.1      xtable_1.8-4           reticulate_1.26       
 [51] htmlwidgets_1.5.4      httr_1.4.4             RColorBrewer_1.1-3     ellipsis_0.3.2         ica_1.0-3             
 [56] pkgconfig_2.0.3        R.methodsS3_1.8.2      farver_2.1.1           uwot_0.1.14            deldir_1.0-6          
 [61] utf8_1.2.2             tidyselect_1.2.0       labeling_0.4.2         rlang_1.0.6            reshape2_1.4.4        
 [66] later_1.3.0            munsell_0.5.0          tools_4.2.3            cli_3.4.1              generics_0.1.3        
 [71] ggridges_0.5.4         stringr_1.4.1          fastmap_1.1.0          goftest_1.2-3          fitdistrplus_1.1-8    
 [76] purrr_0.3.5            RANN_2.6.1             pbapply_1.6-0          future_1.29.0          nlme_3.1-162          
 [81] mime_0.12              RcppRoll_0.3.0         ggrastr_1.0.1          R.oo_1.25.0            compiler_4.2.3        
 [86] rstudioapi_0.14        beeswarm_0.4.0         plotly_4.10.1          png_0.1-7              spatstat.utils_3.0-1  
 [91] tibble_3.1.8           stringi_1.7.8          lattice_0.20-45        vctrs_0.5.1            pillar_1.8.1          
 [96] lifecycle_1.0.3        rhdf5filters_1.8.0     spatstat.geom_3.0-3    lmtest_0.9-40          RcppAnnoy_0.0.20      
[101] cowplot_1.1.1          bitops_1.0-7           irlba_2.3.5.1          httpuv_1.6.6           patchwork_1.1.2       
[106] R6_2.5.1               promises_1.2.0.1       KernSmooth_2.23-20     gridExtra_2.3          vipor_0.4.5           
[111] parallelly_1.32.1      codetools_0.2-19       MASS_7.3-58.2          assertthat_0.2.1       withr_2.5.0           
[116] Rsamtools_2.12.0       sctransform_0.3.5      GenomeInfoDbData_1.2.8 grid_4.2.3             tidyr_1.2.1           
[121] Cairo_1.6-0            Rtsne_0.16             spatstat.explore_3.0-5 shiny_1.7.3            ggbeeswarm_0.6.0      


------- Log Info


2023-07-06 21:48:27 : Input-Parameters, Class = list

Input-Parameters$ArchRProj: length = 1

Input-Parameters$embedding: length = 1
[1] "UMAP"


Input-Parameters$colorBy: length = 1
[1] "cellColData"


Input-Parameters$name: length = 1
[1] "Sample"


Input-Parameters$log2Norm: length = 0
NULL


Input-Parameters$imputeWeights: length = 0
NULL


Input-Parameters$pal: length = 0
NULL


Input-Parameters$size: length = 1
[1] 0.1


Input-Parameters$sampleCells: length = 0
NULL


Input-Parameters$highlightCells: length = 0
NULL


Input-Parameters$rastr: length = 1
[1] TRUE


Input-Parameters$quantCut: length = 2
[1] 0.01 0.99


Input-Parameters$discreteSet: length = 0
NULL


Input-Parameters$continuousSet: length = 0
NULL


Input-Parameters$randomize: length = 1
[1] TRUE


Input-Parameters$keepAxis: length = 1
[1] FALSE


Input-Parameters$baseSize: length = 1
[1] 10


Input-Parameters$plotAs: length = 0
NULL


Input-Parameters$threads: length = 1
[1] 8


Input-Parameters$logFile: length = 1
[1] "ArchRLogs/ArchR-plotEmbedding-b90c6bc22262-Date-2023-07-06_Time-21-48-27.log"



2023-07-06 21:48:27 : Getting UMAP Embedding

2023-07-06 21:48:27 : Embedding data.frame, Class = data.frame
Embedding data.frame: nRows = 11237, nCols = 2
                                  IterativeLSI#UMAP_Dimension_1 IterativeLSI#UMAP_Dimension_2
CLL_relapse1_1#TAGCACAGTGAATGTA-1                    -1.6464503                     -13.74559
CLL_relapse1_1#TAGGTGTCAGGACCTC-1                    -0.9923225                     -13.95181
CLL_relapse1_1#CCCACATCACAAGGGT-1                    -4.9465552                     -12.02727
CLL_relapse1_1#CGGACCAAGGAAGGTA-1                    -0.8651177                     -13.75538
CLL_relapse1_1#CCTAAAGGTAGCATGG-1                    -0.7944040                     -13.94113
CLL_relapse1_1#GATGATCGTGATCAGG-1                    -0.1198920                     -13.75142



2023-07-06 21:48:27 : ColorBy = cellColData

2023-07-06 21:48:27 : ColorParams 1, Class = list

ColorParams 1$color: length = 11237
[1] "CLL_relapse1_1" "CLL_relapse1_1" "CLL_relapse1_1" "CLL_relapse1_1" "CLL_relapse1_1" "CLL_relapse1_1"


ColorParams 1$discrete: length = 1
[1] TRUE


ColorParams 1$continuousSet: length = 1
[1] "solarExtra"


ColorParams 1$discreteSet: length = 1
[1] "stallion"


ColorParams 1$title: length = 1
[1] "UMAP of IterativeLSI  colored by\ncolData :  Sample"



2023-07-06 21:48:27 : PlotParams-1, Class = list

PlotParams-1$color: length = 11237
[1] "CLL_relapse1_1" "CLL_relapse1_1" "CLL_relapse1_1" "CLL_relapse1_1" "CLL_relapse1_1" "CLL_relapse1_1"


PlotParams-1$discrete: length = 1
[1] TRUE


PlotParams-1$continuousSet: length = 1
[1] "solarExtra"


PlotParams-1$discreteSet: length = 1
[1] "stallion"


PlotParams-1$title: length = 1
[1] "UMAP of IterativeLSI  colored by\ncolData :  Sample"


PlotParams-1$x: length = 11237
[1] -1.6464503 -0.9923225 -4.9465552 -0.8651177 -0.7944040 -0.1198920


PlotParams-1$y: length = 11237
[1] -13.74559 -13.95181 -12.02727 -13.75538 -13.94113 -13.75142


PlotParams-1$baseSize: length = 1
[1] 10


PlotParams-1$xlabel: length = 1
[1] "UMAP Dimension 1"


PlotParams-1$ylabel: length = 1
[1] "UMAP Dimension 2"


PlotParams-1$rastr: length = 1
[1] TRUE


PlotParams-1$size: length = 1
[1] 0.1


PlotParams-1$randomize: length = 1
[1] TRUE



------- Completed

End Time : 2023-07-06 21:48:28
Elapsed Time Minutes = 0.0314668814341227
Elapsed Time Hours = 0.000524631407525804

-------



